stdio    D         file_stdio.c:110  file_stdio_fopen                 [   0.00000] opening E:\Users\Eric\Desktop\vscode\linux\iris_program\program\Game_FinalProject\bin\Debug\allegro5.cfg r
system   D            wsystem.c:874  _al_win_safe_load_library        [   0.00000] PathFindOnPath found: C:\WINDOWS\system32\shcore.dll
system   D            wsystem.c:780  load_library_at_path             [   0.00000] Calling LoadLibrary C:\WINDOWS\system32\shcore.dll
system   I            wsystem.c:783  load_library_at_path             [   0.00000] Loaded C:\WINDOWS\system32\shcore.dll
system   I             system.c:271  al_install_system                [   0.00000] Allegro version: 5.2.7
audio-dsound I           dsound.cpp:271  _dsound_open                     [   0.00054] Starting DirectSound...
audio-dsound D           dsound.cpp:280  _dsound_open                     [   0.17654] DirectSoundCreate8 succeeded
audio-dsound I           dsound.cpp:73   get_window                       [   0.17661] Using desktop window: 0000000000010010
audio    I              audio.c:347  do_install_audio                 [   0.17749] Using DirectSound driver
system   D            wsystem.c:874  _al_win_safe_load_library        [   0.17785] PathFindOnPath found: C:\WINDOWS\system32\d3d9.dll
system   D            wsystem.c:780  load_library_at_path             [   0.17788] Calling LoadLibrary C:\WINDOWS\system32\d3d9.dll
system   I            wsystem.c:783  load_library_at_path             [   0.18459] Loaded C:\WINDOWS\system32\d3d9.dll
d3d      I         d3d_disp.cpp:684  d3d_init_display                 [   0.87684] Render-to-texture: 1
d3d      I         d3d_disp.cpp:1782 d3d_create_display_locked        [   0.88143] faux_fullscreen=0
d3d      D         d3d_disp.cpp:1783 d3d_create_display_locked        [   0.88148] al_display=0000000000d4b5d0
d3d      D         d3d_disp.cpp:1784 d3d_create_display_locked        [   0.88150] al_display->vt=0000000000d4b460
d3d      I d3d_display_formats.cpp:144  _al_d3d_generate_display_format_list [   0.91025] found 160 format combinations
display  D   display_settings.c:212  debug_display_settings           [   0.91040] color: 32 (rgba 8880), depth: 0, stencil: 0, acc: 0000, samples: 0/0
display  D   display_settings.c:527  _al_score_display_settings       [   0.91050] Score is : 897
display  D   display_settings.c:212  debug_display_settings           [   0.91057] color: 32 (rgba 8880), depth: 0, stencil: 0, acc: 0000, samples: 0/0
display  D   display_settings.c:527  _al_score_display_settings       [   0.91064] Score is : 897
display  D   display_settings.c:212  debug_display_settings           [   0.91071] color: 32 (rgba 8880), depth: 0, stencil: 0, acc: 0000, samples: 2/1
display  D   display_settings.c:527  _al_score_display_settings       [   0.91079] Score is : 726
display  D   display_settings.c:212  debug_display_settings           [   0.91088] color: 32 (rgba 8880), depth: 0, stencil: 0, acc: 0000, samples: 3/1
display  D   display_settings.c:527  _al_score_display_settings       [   0.91097] Score is : 721
display  D   display_settings.c:212  debug_display_settings           [   0.91105] color: 32 (rgba 8880), depth: 0, stencil: 0, acc: 0000, samples: 4/1
display  D   display_settings.c:527  _al_score_display_settings       [   0.91114] Score is : 717
display  D   display_settings.c:212  debug_display_settings           [   0.91121] color: 32 (rgba 8880), depth: 24, stencil: 8, acc: 0000, samples: 0/0
display  D   display_settings.c:527  _al_score_display_settings       [   0.91130] Score is : 897
display  D   display_settings.c:212  debug_display_settings           [   0.91137] color: 32 (rgba 8880), depth: 24, stencil: 8, acc: 0000, samples: 0/0
display  D   display_settings.c:527  _al_score_display_settings       [   0.91144] Score is : 897
display  D   display_settings.c:212  debug_display_settings           [   0.91147] color: 32 (rgba 8880), depth: 24, stencil: 8, acc: 0000, samples: 2/1
display  D   display_settings.c:527  _al_score_display_settings       [   0.91155] Score is : 726
display  D   display_settings.c:212  debug_display_settings           [   0.91179] color: 32 (rgba 8880), depth: 24, stencil: 8, acc: 0000, samples: 3/1
display  D   display_settings.c:527  _al_score_display_settings       [   0.91187] Score is : 721
display  D   display_settings.c:212  debug_display_settings           [   0.91198] color: 32 (rgba 8880), depth: 24, stencil: 8, acc: 0000, samples: 4/1
display  D   display_settings.c:527  _al_score_display_settings       [   0.91201] Score is : 717
display  D   display_settings.c:212  debug_display_settings           [   0.91203] color: 32 (rgba 8880), depth: 24, stencil: 0, acc: 0000, samples: 0/0
display  D   display_settings.c:527  _al_score_display_settings       [   0.91210] Score is : 897
display  D   display_settings.c:212  debug_display_settings           [   0.91213] color: 32 (rgba 8880), depth: 24, stencil: 0, acc: 0000, samples: 0/0
display  D   display_settings.c:527  _al_score_display_settings       [   0.91219] Score is : 897
display  D   display_settings.c:212  debug_display_settings           [   0.91222] color: 32 (rgba 8880), depth: 24, stencil: 0, acc: 0000, samples: 2/1
display  D   display_settings.c:527  _al_score_display_settings       [   0.91229] Score is : 726
display  D   display_settings.c:212  debug_display_settings           [   0.91232] color: 32 (rgba 8880), depth: 24, stencil: 0, acc: 0000, samples: 3/1
display  D   display_settings.c:527  _al_score_display_settings       [   0.91239] Score is : 721
display  D   display_settings.c:212  debug_display_settings           [   0.91242] color: 32 (rgba 8880), depth: 24, stencil: 0, acc: 0000, samples: 4/1
display  D   display_settings.c:527  _al_score_display_settings       [   0.91245] Score is : 717
display  D   display_settings.c:212  debug_display_settings           [   0.91252] color: 32 (rgba 8880), depth: 16, stencil: 0, acc: 0000, samples: 0/0
display  D   display_settings.c:527  _al_score_display_settings       [   0.91255] Score is : 897
display  D   display_settings.c:212  debug_display_settings           [   0.91261] color: 32 (rgba 8880), depth: 16, stencil: 0, acc: 0000, samples: 0/0
display  D   display_settings.c:527  _al_score_display_settings       [   0.91264] Score is : 897
display  D   display_settings.c:212  debug_display_settings           [   0.91271] color: 32 (rgba 8880), depth: 16, stencil: 0, acc: 0000, samples: 2/1
display  D   display_settings.c:527  _al_score_display_settings       [   0.91275] Score is : 726
display  D   display_settings.c:212  debug_display_settings           [   0.91282] color: 32 (rgba 8880), depth: 16, stencil: 0, acc: 0000, samples: 3/1
display  D   display_settings.c:527  _al_score_display_settings       [   0.91285] Score is : 721
display  D   display_settings.c:212  debug_display_settings           [   0.91292] color: 32 (rgba 8880), depth: 16, stencil: 0, acc: 0000, samples: 4/1
display  D   display_settings.c:527  _al_score_display_settings       [   0.91295] Score is : 717
display  D   display_settings.c:212  debug_display_settings           [   0.91302] color: 16 (rgba 5650), depth: 0, stencil: 0, acc: 0000, samples: 0/0
display  D   display_settings.c:527  _al_score_display_settings       [   0.91305] Score is : 897
display  D   display_settings.c:212  debug_display_settings           [   0.91313] color: 16 (rgba 5650), depth: 0, stencil: 0, acc: 0000, samples: 0/0
display  D   display_settings.c:527  _al_score_display_settings       [   0.91316] Score is : 897
display  D   display_settings.c:212  debug_display_settings           [   0.91323] color: 16 (rgba 5650), depth: 0, stencil: 0, acc: 0000, samples: 2/1
display  D   display_settings.c:527  _al_score_display_settings       [   0.91326] Score is : 726
display  D   display_settings.c:212  debug_display_settings           [   0.91333] color: 16 (rgba 5650), depth: 0, stencil: 0, acc: 0000, samples: 3/1
display  D   display_settings.c:527  _al_score_display_settings       [   0.91336] Score is : 721
display  D   display_settings.c:212  debug_display_settings           [   0.91342] color: 16 (rgba 5650), depth: 0, stencil: 0, acc: 0000, samples: 4/1
display  D   display_settings.c:527  _al_score_display_settings       [   0.91360] Score is : 717
display  D   display_settings.c:212  debug_display_settings           [   0.91368] color: 16 (rgba 5650), depth: 24, stencil: 8, acc: 0000, samples: 0/0
display  D   display_settings.c:527  _al_score_display_settings       [   0.91375] Score is : 897
display  D   display_settings.c:212  debug_display_settings           [   0.91382] color: 16 (rgba 5650), depth: 24, stencil: 8, acc: 0000, samples: 0/0
display  D   display_settings.c:527  _al_score_display_settings       [   0.91392] Score is : 897
display  D   display_settings.c:212  debug_display_settings           [   0.91400] color: 16 (rgba 5650), depth: 24, stencil: 8, acc: 0000, samples: 2/1
display  D   display_settings.c:527  _al_score_display_settings       [   0.91403] Score is : 726
display  D   display_settings.c:212  debug_display_settings           [   0.91410] color: 16 (rgba 5650), depth: 24, stencil: 8, acc: 0000, samples: 3/1
display  D   display_settings.c:527  _al_score_display_settings       [   0.91418] Score is : 721
display  D   display_settings.c:212  debug_display_settings           [   0.91425] color: 16 (rgba 5650), depth: 24, stencil: 8, acc: 0000, samples: 4/1
display  D   display_settings.c:527  _al_score_display_settings       [   0.91432] Score is : 717
display  D   display_settings.c:212  debug_display_settings           [   0.91440] color: 16 (rgba 5650), depth: 24, stencil: 0, acc: 0000, samples: 0/0
display  D   display_settings.c:527  _al_score_display_settings       [   0.91453] Score is : 897
display  D   display_settings.c:212  debug_display_settings           [   0.91460] color: 16 (rgba 5650), depth: 24, stencil: 0, acc: 0000, samples: 0/0
display  D   display_settings.c:527  _al_score_display_settings       [   0.91469] Score is : 897
display  D   display_settings.c:212  debug_display_settings           [   0.91477] color: 16 (rgba 5650), depth: 24, stencil: 0, acc: 0000, samples: 2/1
display  D   display_settings.c:527  _al_score_display_settings       [   0.91486] Score is : 726
display  D   display_settings.c:212  debug_display_settings           [   0.91495] color: 16 (rgba 5650), depth: 24, stencil: 0, acc: 0000, samples: 3/1
display  D   display_settings.c:527  _al_score_display_settings       [   0.91503] Score is : 721
display  D   display_settings.c:212  debug_display_settings           [   0.91510] color: 16 (rgba 5650), depth: 24, stencil: 0, acc: 0000, samples: 4/1
display  D   display_settings.c:527  _al_score_display_settings       [   0.91517] Score is : 717
display  D   display_settings.c:212  debug_display_settings           [   0.91524] color: 16 (rgba 5650), depth: 16, stencil: 0, acc: 0000, samples: 0/0
display  D   display_settings.c:527  _al_score_display_settings       [   0.91533] Score is : 897
display  D   display_settings.c:212  debug_display_settings           [   0.91540] color: 16 (rgba 5650), depth: 16, stencil: 0, acc: 0000, samples: 0/0
display  D   display_settings.c:527  _al_score_display_settings       [   0.91548] Score is : 897
display  D   display_settings.c:212  debug_display_settings           [   0.91555] color: 16 (rgba 5650), depth: 16, stencil: 0, acc: 0000, samples: 2/1
display  D   display_settings.c:527  _al_score_display_settings       [   0.91562] Score is : 726
display  D   display_settings.c:212  debug_display_settings           [   0.91569] color: 16 (rgba 5650), depth: 16, stencil: 0, acc: 0000, samples: 3/1
display  D   display_settings.c:527  _al_score_display_settings       [   0.91577] Score is : 721
display  D   display_settings.c:212  debug_display_settings           [   0.91586] color: 16 (rgba 5650), depth: 16, stencil: 0, acc: 0000, samples: 4/1
display  D   display_settings.c:527  _al_score_display_settings       [   0.91594] Score is : 717
display  D   display_settings.c:212  debug_display_settings           [   0.91601] color: 32 (rgba 8880), depth: 0, stencil: 0, acc: 0000, samples: 0/0
display  D   display_settings.c:398  _al_score_display_settings       [   0.91609] Single Buffer requirement not met.
display  D   display_settings.c:212  debug_display_settings           [   0.91616] color: 32 (rgba 8880), depth: 0, stencil: 0, acc: 0000, samples: 0/0
display  D   display_settings.c:398  _al_score_display_settings       [   0.91623] Single Buffer requirement not met.
display  D   display_settings.c:212  debug_display_settings           [   0.91631] color: 32 (rgba 8880), depth: 0, stencil: 0, acc: 0000, samples: 2/1
display  D   display_settings.c:398  _al_score_display_settings       [   0.91638] Single Buffer requirement not met.
display  D   display_settings.c:212  debug_display_settings           [   0.91645] color: 32 (rgba 8880), depth: 0, stencil: 0, acc: 0000, samples: 3/1
display  D   display_settings.c:398  _al_score_display_settings       [   0.91653] Single Buffer requirement not met.
display  D   display_settings.c:212  debug_display_settings           [   0.91660] color: 32 (rgba 8880), depth: 0, stencil: 0, acc: 0000, samples: 4/1
display  D   display_settings.c:398  _al_score_display_settings       [   0.91667] Single Buffer requirement not met.
display  D   display_settings.c:212  debug_display_settings           [   0.91674] color: 32 (rgba 8880), depth: 24, stencil: 8, acc: 0000, samples: 0/0
display  D   display_settings.c:398  _al_score_display_settings       [   0.91681] Single Buffer requirement not met.
display  D   display_settings.c:212  debug_display_settings           [   0.91685] color: 32 (rgba 8880), depth: 24, stencil: 8, acc: 0000, samples: 0/0
display  D   display_settings.c:398  _al_score_display_settings       [   0.91696] Single Buffer requirement not met.
display  D   display_settings.c:212  debug_display_settings           [   0.91704] color: 32 (rgba 8880), depth: 24, stencil: 8, acc: 0000, samples: 2/1
display  D   display_settings.c:398  _al_score_display_settings       [   0.91712] Single Buffer requirement not met.
display  D   display_settings.c:212  debug_display_settings           [   0.91720] color: 32 (rgba 8880), depth: 24, stencil: 8, acc: 0000, samples: 3/1
display  D   display_settings.c:398  _al_score_display_settings       [   0.91728] Single Buffer requirement not met.
display  D   display_settings.c:212  debug_display_settings           [   0.91736] color: 32 (rgba 8880), depth: 24, stencil: 8, acc: 0000, samples: 4/1
display  D   display_settings.c:398  _al_score_display_settings       [   0.91744] Single Buffer requirement not met.
display  D   display_settings.c:212  debug_display_settings           [   0.91751] color: 32 (rgba 8880), depth: 24, stencil: 0, acc: 0000, samples: 0/0
display  D   display_settings.c:398  _al_score_display_settings       [   0.91759] Single Buffer requirement not met.
display  D   display_settings.c:212  debug_display_settings           [   0.91766] color: 32 (rgba 8880), depth: 24, stencil: 0, acc: 0000, samples: 0/0
display  D   display_settings.c:398  _al_score_display_settings       [   0.91774] Single Buffer requirement not met.
display  D   display_settings.c:212  debug_display_settings           [   0.91780] color: 32 (rgba 8880), depth: 24, stencil: 0, acc: 0000, samples: 2/1
display  D   display_settings.c:398  _al_score_display_settings       [   0.91788] Single Buffer requirement not met.
display  D   display_settings.c:212  debug_display_settings           [   0.91790] color: 32 (rgba 8880), depth: 24, stencil: 0, acc: 0000, samples: 3/1
display  D   display_settings.c:398  _al_score_display_settings       [   0.91798] Single Buffer requirement not met.
display  D   display_settings.c:212  debug_display_settings           [   0.91804] color: 32 (rgba 8880), depth: 24, stencil: 0, acc: 0000, samples: 4/1
display  D   display_settings.c:398  _al_score_display_settings       [   0.91812] Single Buffer requirement not met.
display  D   display_settings.c:212  debug_display_settings           [   0.91819] color: 32 (rgba 8880), depth: 16, stencil: 0, acc: 0000, samples: 0/0
display  D   display_settings.c:398  _al_score_display_settings       [   0.91842] Single Buffer requirement not met.
display  D   display_settings.c:212  debug_display_settings           [   0.91851] color: 32 (rgba 8880), depth: 16, stencil: 0, acc: 0000, samples: 0/0
display  D   display_settings.c:398  _al_score_display_settings       [   0.91859] Single Buffer requirement not met.
display  D   display_settings.c:212  debug_display_settings           [   0.91865] color: 32 (rgba 8880), depth: 16, stencil: 0, acc: 0000, samples: 2/1
display  D   display_settings.c:398  _al_score_display_settings       [   0.91873] Single Buffer requirement not met.
display  D   display_settings.c:212  debug_display_settings           [   0.91881] color: 32 (rgba 8880), depth: 16, stencil: 0, acc: 0000, samples: 3/1
display  D   display_settings.c:398  _al_score_display_settings       [   0.91888] Single Buffer requirement not met.
display  D   display_settings.c:212  debug_display_settings           [   0.91891] color: 32 (rgba 8880), depth: 16, stencil: 0, acc: 0000, samples: 4/1
display  D   display_settings.c:398  _al_score_display_settings       [   0.91904] Single Buffer requirement not met.
display  D   display_settings.c:212  debug_display_settings           [   0.91911] color: 16 (rgba 5650), depth: 0, stencil: 0, acc: 0000, samples: 0/0
display  D   display_settings.c:398  _al_score_display_settings       [   0.91919] Single Buffer requirement not met.
display  D   display_settings.c:212  debug_display_settings           [   0.91926] color: 16 (rgba 5650), depth: 0, stencil: 0, acc: 0000, samples: 0/0
display  D   display_settings.c:398  _al_score_display_settings       [   0.91934] Single Buffer requirement not met.
display  D   display_settings.c:212  debug_display_settings           [   0.91937] color: 16 (rgba 5650), depth: 0, stencil: 0, acc: 0000, samples: 2/1
display  D   display_settings.c:398  _al_score_display_settings       [   0.91943] Single Buffer requirement not met.
display  D   display_settings.c:212  debug_display_settings           [   0.91950] color: 16 (rgba 5650), depth: 0, stencil: 0, acc: 0000, samples: 3/1
display  D   display_settings.c:398  _al_score_display_settings       [   0.91956] Single Buffer requirement not met.
display  D   display_settings.c:212  debug_display_settings           [   0.91959] color: 16 (rgba 5650), depth: 0, stencil: 0, acc: 0000, samples: 4/1
display  D   display_settings.c:398  _al_score_display_settings       [   0.91966] Single Buffer requirement not met.
display  D   display_settings.c:212  debug_display_settings           [   0.91973] color: 16 (rgba 5650), depth: 24, stencil: 8, acc: 0000, samples: 0/0
display  D   display_settings.c:398  _al_score_display_settings       [   0.91980] Single Buffer requirement not met.
display  D   display_settings.c:212  debug_display_settings           [   0.91988] color: 16 (rgba 5650), depth: 24, stencil: 8, acc: 0000, samples: 0/0
display  D   display_settings.c:398  _al_score_display_settings       [   0.91992] Single Buffer requirement not met.
display  D   display_settings.c:212  debug_display_settings           [   0.91999] color: 16 (rgba 5650), depth: 24, stencil: 8, acc: 0000, samples: 2/1
display  D   display_settings.c:398  _al_score_display_settings       [   0.92005] Single Buffer requirement not met.
display  D   display_settings.c:212  debug_display_settings           [   0.92012] color: 16 (rgba 5650), depth: 24, stencil: 8, acc: 0000, samples: 3/1
display  D   display_settings.c:398  _al_score_display_settings       [   0.92019] Single Buffer requirement not met.
display  D   display_settings.c:212  debug_display_settings           [   0.92022] color: 16 (rgba 5650), depth: 24, stencil: 8, acc: 0000, samples: 4/1
display  D   display_settings.c:398  _al_score_display_settings       [   0.92033] Single Buffer requirement not met.
display  D   display_settings.c:212  debug_display_settings           [   0.92036] color: 16 (rgba 5650), depth: 24, stencil: 0, acc: 0000, samples: 0/0
display  D   display_settings.c:398  _al_score_display_settings       [   0.92043] Single Buffer requirement not met.
display  D   display_settings.c:212  debug_display_settings           [   0.92051] color: 16 (rgba 5650), depth: 24, stencil: 0, acc: 0000, samples: 0/0
display  D   display_settings.c:398  _al_score_display_settings       [   0.92058] Single Buffer requirement not met.
display  D   display_settings.c:212  debug_display_settings           [   0.92065] color: 16 (rgba 5650), depth: 24, stencil: 0, acc: 0000, samples: 2/1
display  D   display_settings.c:398  _al_score_display_settings       [   0.92073] Single Buffer requirement not met.
display  D   display_settings.c:212  debug_display_settings           [   0.92080] color: 16 (rgba 5650), depth: 24, stencil: 0, acc: 0000, samples: 3/1
display  D   display_settings.c:398  _al_score_display_settings       [   0.92084] Single Buffer requirement not met.
display  D   display_settings.c:212  debug_display_settings           [   0.92091] color: 16 (rgba 5650), depth: 24, stencil: 0, acc: 0000, samples: 4/1
display  D   display_settings.c:398  _al_score_display_settings       [   0.92098] Single Buffer requirement not met.
display  D   display_settings.c:212  debug_display_settings           [   0.92105] color: 16 (rgba 5650), depth: 16, stencil: 0, acc: 0000, samples: 0/0
display  D   display_settings.c:398  _al_score_display_settings       [   0.92113] Single Buffer requirement not met.
display  D   display_settings.c:212  debug_display_settings           [   0.92120] color: 16 (rgba 5650), depth: 16, stencil: 0, acc: 0000, samples: 0/0
display  D   display_settings.c:398  _al_score_display_settings       [   0.92128] Single Buffer requirement not met.
display  D   display_settings.c:212  debug_display_settings           [   0.92136] color: 16 (rgba 5650), depth: 16, stencil: 0, acc: 0000, samples: 2/1
display  D   display_settings.c:398  _al_score_display_settings       [   0.92143] Single Buffer requirement not met.
display  D   display_settings.c:212  debug_display_settings           [   0.92151] color: 16 (rgba 5650), depth: 16, stencil: 0, acc: 0000, samples: 3/1
display  D   display_settings.c:398  _al_score_display_settings       [   0.92160] Single Buffer requirement not met.
display  D   display_settings.c:212  debug_display_settings           [   0.92167] color: 16 (rgba 5650), depth: 16, stencil: 0, acc: 0000, samples: 4/1
display  D   display_settings.c:398  _al_score_display_settings       [   0.92176] Single Buffer requirement not met.
display  D   display_settings.c:212  debug_display_settings           [   0.92183] color: 32 (rgba 8880), depth: 0, stencil: 0, acc: 0000, samples: 0/0
display  D   display_settings.c:527  _al_score_display_settings       [   0.92192] Score is : 769
display  D   display_settings.c:212  debug_display_settings           [   0.92195] color: 32 (rgba 8880), depth: 0, stencil: 0, acc: 0000, samples: 0/0
display  D   display_settings.c:527  _al_score_display_settings       [   0.92202] Score is : 769
display  D   display_settings.c:212  debug_display_settings           [   0.92209] color: 32 (rgba 8880), depth: 0, stencil: 0, acc: 0000, samples: 2/1
display  D   display_settings.c:527  _al_score_display_settings       [   0.92212] Score is : 598
display  D   display_settings.c:212  debug_display_settings           [   0.92219] color: 32 (rgba 8880), depth: 0, stencil: 0, acc: 0000, samples: 3/1
display  D   display_settings.c:527  _al_score_display_settings       [   0.92226] Score is : 593
display  D   display_settings.c:212  debug_display_settings           [   0.92235] color: 32 (rgba 8880), depth: 0, stencil: 0, acc: 0000, samples: 4/1
display  D   display_settings.c:527  _al_score_display_settings       [   0.92243] Score is : 589
display  D   display_settings.c:212  debug_display_settings           [   0.92251] color: 32 (rgba 8880), depth: 24, stencil: 8, acc: 0000, samples: 0/0
display  D   display_settings.c:527  _al_score_display_settings       [   0.92259] Score is : 769
display  D   display_settings.c:212  debug_display_settings           [   0.92267] color: 32 (rgba 8880), depth: 24, stencil: 8, acc: 0000, samples: 0/0
display  D   display_settings.c:527  _al_score_display_settings       [   0.92275] Score is : 769
display  D   display_settings.c:212  debug_display_settings           [   0.92284] color: 32 (rgba 8880), depth: 24, stencil: 8, acc: 0000, samples: 2/1
display  D   display_settings.c:527  _al_score_display_settings       [   0.92294] Score is : 598
display  D   display_settings.c:212  debug_display_settings           [   0.92297] color: 32 (rgba 8880), depth: 24, stencil: 8, acc: 0000, samples: 3/1
display  D   display_settings.c:527  _al_score_display_settings       [   0.92305] Score is : 593
display  D   display_settings.c:212  debug_display_settings           [   0.92311] color: 32 (rgba 8880), depth: 24, stencil: 8, acc: 0000, samples: 4/1
display  D   display_settings.c:527  _al_score_display_settings       [   0.92319] Score is : 589
display  D   display_settings.c:212  debug_display_settings           [   0.92326] color: 32 (rgba 8880), depth: 24, stencil: 0, acc: 0000, samples: 0/0
display  D   display_settings.c:527  _al_score_display_settings       [   0.92330] Score is : 769
display  D   display_settings.c:212  debug_display_settings           [   0.92337] color: 32 (rgba 8880), depth: 24, stencil: 0, acc: 0000, samples: 0/0
display  D   display_settings.c:527  _al_score_display_settings       [   0.92344] Score is : 769
display  D   display_settings.c:212  debug_display_settings           [   0.92351] color: 32 (rgba 8880), depth: 24, stencil: 0, acc: 0000, samples: 2/1
display  D   display_settings.c:527  _al_score_display_settings       [   0.92359] Score is : 598
display  D   display_settings.c:212  debug_display_settings           [   0.92366] color: 32 (rgba 8880), depth: 24, stencil: 0, acc: 0000, samples: 3/1
display  D   display_settings.c:527  _al_score_display_settings       [   0.92373] Score is : 593
display  D   display_settings.c:212  debug_display_settings           [   0.92376] color: 32 (rgba 8880), depth: 24, stencil: 0, acc: 0000, samples: 4/1
display  D   display_settings.c:527  _al_score_display_settings       [   0.92379] Score is : 589
display  D   display_settings.c:212  debug_display_settings           [   0.92386] color: 32 (rgba 8880), depth: 16, stencil: 0, acc: 0000, samples: 0/0
display  D   display_settings.c:527  _al_score_display_settings       [   0.92395] Score is : 769
display  D   display_settings.c:212  debug_display_settings           [   0.92402] color: 32 (rgba 8880), depth: 16, stencil: 0, acc: 0000, samples: 0/0
display  D   display_settings.c:527  _al_score_display_settings       [   0.92411] Score is : 769
display  D   display_settings.c:212  debug_display_settings           [   0.92417] color: 32 (rgba 8880), depth: 16, stencil: 0, acc: 0000, samples: 2/1
display  D   display_settings.c:527  _al_score_display_settings       [   0.92421] Score is : 598
display  D   display_settings.c:212  debug_display_settings           [   0.92428] color: 32 (rgba 8880), depth: 16, stencil: 0, acc: 0000, samples: 3/1
display  D   display_settings.c:527  _al_score_display_settings       [   0.92441] Score is : 593
display  D   display_settings.c:212  debug_display_settings           [   0.92449] color: 32 (rgba 8880), depth: 16, stencil: 0, acc: 0000, samples: 4/1
display  D   display_settings.c:527  _al_score_display_settings       [   0.92458] Score is : 589
display  D   display_settings.c:212  debug_display_settings           [   0.92464] color: 16 (rgba 5650), depth: 0, stencil: 0, acc: 0000, samples: 0/0
display  D   display_settings.c:527  _al_score_display_settings       [   0.92472] Score is : 769
display  D   display_settings.c:212  debug_display_settings           [   0.92474] color: 16 (rgba 5650), depth: 0, stencil: 0, acc: 0000, samples: 0/0
display  D   display_settings.c:527  _al_score_display_settings       [   0.92482] Score is : 769
display  D   display_settings.c:212  debug_display_settings           [   0.92489] color: 16 (rgba 5650), depth: 0, stencil: 0, acc: 0000, samples: 2/1
display  D   display_settings.c:527  _al_score_display_settings       [   0.92498] Score is : 598
display  D   display_settings.c:212  debug_display_settings           [   0.92505] color: 16 (rgba 5650), depth: 0, stencil: 0, acc: 0000, samples: 3/1
display  D   display_settings.c:527  _al_score_display_settings       [   0.92507] Score is : 593
display  D   display_settings.c:212  debug_display_settings           [   0.92511] color: 16 (rgba 5650), depth: 0, stencil: 0, acc: 0000, samples: 4/1
display  D   display_settings.c:527  _al_score_display_settings       [   0.92513] Score is : 589
display  D   display_settings.c:212  debug_display_settings           [   0.92518] color: 16 (rgba 5650), depth: 24, stencil: 8, acc: 0000, samples: 0/0
display  D   display_settings.c:527  _al_score_display_settings       [   0.92520] Score is : 769
display  D   display_settings.c:212  debug_display_settings           [   0.92522] color: 16 (rgba 5650), depth: 24, stencil: 8, acc: 0000, samples: 0/0
display  D   display_settings.c:527  _al_score_display_settings       [   0.92527] Score is : 769
display  D   display_settings.c:212  debug_display_settings           [   0.92528] color: 16 (rgba 5650), depth: 24, stencil: 8, acc: 0000, samples: 2/1
display  D   display_settings.c:527  _al_score_display_settings       [   0.92533] Score is : 598
display  D   display_settings.c:212  debug_display_settings           [   0.92535] color: 16 (rgba 5650), depth: 24, stencil: 8, acc: 0000, samples: 3/1
display  D   display_settings.c:527  _al_score_display_settings       [   0.92541] Score is : 593
display  D   display_settings.c:212  debug_display_settings           [   0.92543] color: 16 (rgba 5650), depth: 24, stencil: 8, acc: 0000, samples: 4/1
display  D   display_settings.c:527  _al_score_display_settings       [   0.92548] Score is : 589
display  D   display_settings.c:212  debug_display_settings           [   0.92549] color: 16 (rgba 5650), depth: 24, stencil: 0, acc: 0000, samples: 0/0
display  D   display_settings.c:527  _al_score_display_settings       [   0.92554] Score is : 769
display  D   display_settings.c:212  debug_display_settings           [   0.92556] color: 16 (rgba 5650), depth: 24, stencil: 0, acc: 0000, samples: 0/0
display  D   display_settings.c:527  _al_score_display_settings       [   0.92562] Score is : 769
display  D   display_settings.c:212  debug_display_settings           [   0.92563] color: 16 (rgba 5650), depth: 24, stencil: 0, acc: 0000, samples: 2/1
display  D   display_settings.c:527  _al_score_display_settings       [   0.92568] Score is : 598
display  D   display_settings.c:212  debug_display_settings           [   0.92570] color: 16 (rgba 5650), depth: 24, stencil: 0, acc: 0000, samples: 3/1
display  D   display_settings.c:527  _al_score_display_settings       [   0.92572] Score is : 593
display  D   display_settings.c:212  debug_display_settings           [   0.92576] color: 16 (rgba 5650), depth: 24, stencil: 0, acc: 0000, samples: 4/1
display  D   display_settings.c:527  _al_score_display_settings       [   0.92578] Score is : 589
display  D   display_settings.c:212  debug_display_settings           [   0.92583] color: 16 (rgba 5650), depth: 16, stencil: 0, acc: 0000, samples: 0/0
display  D   display_settings.c:527  _al_score_display_settings       [   0.92585] Score is : 769
display  D   display_settings.c:212  debug_display_settings           [   0.92587] color: 16 (rgba 5650), depth: 16, stencil: 0, acc: 0000, samples: 0/0
display  D   display_settings.c:527  _al_score_display_settings       [   0.92592] Score is : 769
display  D   display_settings.c:212  debug_display_settings           [   0.92593] color: 16 (rgba 5650), depth: 16, stencil: 0, acc: 0000, samples: 2/1
display  D   display_settings.c:527  _al_score_display_settings       [   0.92598] Score is : 598
display  D   display_settings.c:212  debug_display_settings           [   0.92600] color: 16 (rgba 5650), depth: 16, stencil: 0, acc: 0000, samples: 3/1
display  D   display_settings.c:527  _al_score_display_settings       [   0.92619] Score is : 593
display  D   display_settings.c:212  debug_display_settings           [   0.92621] color: 16 (rgba 5650), depth: 16, stencil: 0, acc: 0000, samples: 4/1
display  D   display_settings.c:527  _al_score_display_settings       [   0.92627] Score is : 589
display  D   display_settings.c:212  debug_display_settings           [   0.92629] color: 32 (rgba 8880), depth: 0, stencil: 0, acc: 0000, samples: 0/0
display  D   display_settings.c:398  _al_score_display_settings       [   0.92634] Single Buffer requirement not met.
display  D   display_settings.c:212  debug_display_settings           [   0.92636] color: 32 (rgba 8880), depth: 0, stencil: 0, acc: 0000, samples: 0/0
display  D   display_settings.c:398  _al_score_display_settings       [   0.92641] Single Buffer requirement not met.
display  D   display_settings.c:212  debug_display_settings           [   0.92642] color: 32 (rgba 8880), depth: 0, stencil: 0, acc: 0000, samples: 2/1
display  D   display_settings.c:398  _al_score_display_settings       [   0.92648] Single Buffer requirement not met.
display  D   display_settings.c:212  debug_display_settings           [   0.92650] color: 32 (rgba 8880), depth: 0, stencil: 0, acc: 0000, samples: 3/1
display  D   display_settings.c:398  _al_score_display_settings       [   0.92655] Single Buffer requirement not met.
display  D   display_settings.c:212  debug_display_settings           [   0.92657] color: 32 (rgba 8880), depth: 0, stencil: 0, acc: 0000, samples: 4/1
display  D   display_settings.c:398  _al_score_display_settings       [   0.92662] Single Buffer requirement not met.
display  D   display_settings.c:212  debug_display_settings           [   0.92663] color: 32 (rgba 8880), depth: 24, stencil: 8, acc: 0000, samples: 0/0
display  D   display_settings.c:398  _al_score_display_settings       [   0.92669] Single Buffer requirement not met.
display  D   display_settings.c:212  debug_display_settings           [   0.92671] color: 32 (rgba 8880), depth: 24, stencil: 8, acc: 0000, samples: 0/0
display  D   display_settings.c:398  _al_score_display_settings       [   0.92676] Single Buffer requirement not met.
display  D   display_settings.c:212  debug_display_settings           [   0.92678] color: 32 (rgba 8880), depth: 24, stencil: 8, acc: 0000, samples: 2/1
display  D   display_settings.c:398  _al_score_display_settings       [   0.92684] Single Buffer requirement not met.
display  D   display_settings.c:212  debug_display_settings           [   0.92686] color: 32 (rgba 8880), depth: 24, stencil: 8, acc: 0000, samples: 3/1
display  D   display_settings.c:398  _al_score_display_settings       [   0.92692] Single Buffer requirement not met.
display  D   display_settings.c:212  debug_display_settings           [   0.92694] color: 32 (rgba 8880), depth: 24, stencil: 8, acc: 0000, samples: 4/1
display  D   display_settings.c:398  _al_score_display_settings       [   0.92699] Single Buffer requirement not met.
display  D   display_settings.c:212  debug_display_settings           [   0.92701] color: 32 (rgba 8880), depth: 24, stencil: 0, acc: 0000, samples: 0/0
display  D   display_settings.c:398  _al_score_display_settings       [   0.92706] Single Buffer requirement not met.
display  D   display_settings.c:212  debug_display_settings           [   0.92708] color: 32 (rgba 8880), depth: 24, stencil: 0, acc: 0000, samples: 0/0
display  D   display_settings.c:398  _al_score_display_settings       [   0.92709] Single Buffer requirement not met.
display  D   display_settings.c:212  debug_display_settings           [   0.92714] color: 32 (rgba 8880), depth: 24, stencil: 0, acc: 0000, samples: 2/1
display  D   display_settings.c:398  _al_score_display_settings       [   0.92716] Single Buffer requirement not met.
display  D   display_settings.c:212  debug_display_settings           [   0.92721] color: 32 (rgba 8880), depth: 24, stencil: 0, acc: 0000, samples: 3/1
display  D   display_settings.c:398  _al_score_display_settings       [   0.92723] Single Buffer requirement not met.
display  D   display_settings.c:212  debug_display_settings           [   0.92728] color: 32 (rgba 8880), depth: 24, stencil: 0, acc: 0000, samples: 4/1
display  D   display_settings.c:398  _al_score_display_settings       [   0.92730] Single Buffer requirement not met.
display  D   display_settings.c:212  debug_display_settings           [   0.92734] color: 32 (rgba 8880), depth: 16, stencil: 0, acc: 0000, samples: 0/0
display  D   display_settings.c:398  _al_score_display_settings       [   0.92736] Single Buffer requirement not met.
display  D   display_settings.c:212  debug_display_settings           [   0.92742] color: 32 (rgba 8880), depth: 16, stencil: 0, acc: 0000, samples: 0/0
display  D   display_settings.c:398  _al_score_display_settings       [   0.92744] Single Buffer requirement not met.
display  D   display_settings.c:212  debug_display_settings           [   0.92749] color: 32 (rgba 8880), depth: 16, stencil: 0, acc: 0000, samples: 2/1
display  D   display_settings.c:398  _al_score_display_settings       [   0.92751] Single Buffer requirement not met.
display  D   display_settings.c:212  debug_display_settings           [   0.92757] color: 32 (rgba 8880), depth: 16, stencil: 0, acc: 0000, samples: 3/1
display  D   display_settings.c:398  _al_score_display_settings       [   0.92759] Single Buffer requirement not met.
display  D   display_settings.c:212  debug_display_settings           [   0.92764] color: 32 (rgba 8880), depth: 16, stencil: 0, acc: 0000, samples: 4/1
display  D   display_settings.c:398  _al_score_display_settings       [   0.92766] Single Buffer requirement not met.
display  D   display_settings.c:212  debug_display_settings           [   0.92771] color: 16 (rgba 5650), depth: 0, stencil: 0, acc: 0000, samples: 0/0
display  D   display_settings.c:398  _al_score_display_settings       [   0.92773] Single Buffer requirement not met.
display  D   display_settings.c:212  debug_display_settings           [   0.92779] color: 16 (rgba 5650), depth: 0, stencil: 0, acc: 0000, samples: 0/0
display  D   display_settings.c:398  _al_score_display_settings       [   0.92781] Single Buffer requirement not met.
display  D   display_settings.c:212  debug_display_settings           [   0.92787] color: 16 (rgba 5650), depth: 0, stencil: 0, acc: 0000, samples: 2/1
display  D   display_settings.c:398  _al_score_display_settings       [   0.92789] Single Buffer requirement not met.
display  D   display_settings.c:212  debug_display_settings           [   0.92794] color: 16 (rgba 5650), depth: 0, stencil: 0, acc: 0000, samples: 3/1
display  D   display_settings.c:398  _al_score_display_settings       [   0.92796] Single Buffer requirement not met.
display  D   display_settings.c:212  debug_display_settings           [   0.92802] color: 16 (rgba 5650), depth: 0, stencil: 0, acc: 0000, samples: 4/1
display  D   display_settings.c:398  _al_score_display_settings       [   0.92804] Single Buffer requirement not met.
display  D   display_settings.c:212  debug_display_settings           [   0.92808] color: 16 (rgba 5650), depth: 24, stencil: 8, acc: 0000, samples: 0/0
display  D   display_settings.c:398  _al_score_display_settings       [   0.92810] Single Buffer requirement not met.
display  D   display_settings.c:212  debug_display_settings           [   0.92812] color: 16 (rgba 5650), depth: 24, stencil: 8, acc: 0000, samples: 0/0
display  D   display_settings.c:398  _al_score_display_settings       [   0.92817] Single Buffer requirement not met.
display  D   display_settings.c:212  debug_display_settings           [   0.92819] color: 16 (rgba 5650), depth: 24, stencil: 8, acc: 0000, samples: 2/1
display  D   display_settings.c:398  _al_score_display_settings       [   0.92824] Single Buffer requirement not met.
display  D   display_settings.c:212  debug_display_settings           [   0.92825] color: 16 (rgba 5650), depth: 24, stencil: 8, acc: 0000, samples: 3/1
display  D   display_settings.c:398  _al_score_display_settings       [   0.92831] Single Buffer requirement not met.
display  D   display_settings.c:212  debug_display_settings           [   0.92833] color: 16 (rgba 5650), depth: 24, stencil: 8, acc: 0000, samples: 4/1
display  D   display_settings.c:398  _al_score_display_settings       [   0.92838] Single Buffer requirement not met.
display  D   display_settings.c:212  debug_display_settings           [   0.92840] color: 16 (rgba 5650), depth: 24, stencil: 0, acc: 0000, samples: 0/0
display  D   display_settings.c:398  _al_score_display_settings       [   0.92845] Single Buffer requirement not met.
display  D   display_settings.c:212  debug_display_settings           [   0.92847] color: 16 (rgba 5650), depth: 24, stencil: 0, acc: 0000, samples: 0/0
display  D   display_settings.c:398  _al_score_display_settings       [   0.92849] Single Buffer requirement not met.
display  D   display_settings.c:212  debug_display_settings           [   0.92853] color: 16 (rgba 5650), depth: 24, stencil: 0, acc: 0000, samples: 2/1
display  D   display_settings.c:398  _al_score_display_settings       [   0.92859] Single Buffer requirement not met.
display  D   display_settings.c:212  debug_display_settings           [   0.92861] color: 16 (rgba 5650), depth: 24, stencil: 0, acc: 0000, samples: 3/1
display  D   display_settings.c:398  _al_score_display_settings       [   0.92866] Single Buffer requirement not met.
display  D   display_settings.c:212  debug_display_settings           [   0.92867] color: 16 (rgba 5650), depth: 24, stencil: 0, acc: 0000, samples: 4/1
display  D   display_settings.c:398  _al_score_display_settings       [   0.92873] Single Buffer requirement not met.
display  D   display_settings.c:212  debug_display_settings           [   0.92875] color: 16 (rgba 5650), depth: 16, stencil: 0, acc: 0000, samples: 0/0
display  D   display_settings.c:398  _al_score_display_settings       [   0.92881] Single Buffer requirement not met.
display  D   display_settings.c:212  debug_display_settings           [   0.92883] color: 16 (rgba 5650), depth: 16, stencil: 0, acc: 0000, samples: 0/0
display  D   display_settings.c:398  _al_score_display_settings       [   0.92888] Single Buffer requirement not met.
display  D   display_settings.c:212  debug_display_settings           [   0.92890] color: 16 (rgba 5650), depth: 16, stencil: 0, acc: 0000, samples: 2/1
display  D   display_settings.c:398  _al_score_display_settings       [   0.92895] Single Buffer requirement not met.
display  D   display_settings.c:212  debug_display_settings           [   0.92897] color: 16 (rgba 5650), depth: 16, stencil: 0, acc: 0000, samples: 3/1
display  D   display_settings.c:398  _al_score_display_settings       [   0.92903] Single Buffer requirement not met.
display  D   display_settings.c:212  debug_display_settings           [   0.92904] color: 16 (rgba 5650), depth: 16, stencil: 0, acc: 0000, samples: 4/1
display  D   display_settings.c:398  _al_score_display_settings       [   0.92910] Single Buffer requirement not met.
d3d      D         d3d_disp.cpp:1682 d3d_create_display_internals     [   0.92917] Trying format 0.
d3d      I         d3d_disp.cpp:1358 d3d_display_thread_proc          [   0.92952] Chose a display format: 23
d3d      I         d3d_disp.cpp:1427 d3d_display_thread_proc          [   0.92957] Normal window.
d3d      I         d3d_disp.cpp:791  d3d_create_device                [   1.12460] Using no depth stencil buffer
d3d      D         d3d_disp.cpp:853  d3d_create_device                [   1.23454] BeginScene succeeded in create_device
d3d      D         d3d_disp.cpp:861  d3d_create_device                [   1.23461] Success
d3d      D         d3d_disp.cpp:1705 d3d_create_display_internals     [   1.23467] Resumed after wait.
d3d      I         d3d_disp.cpp:1738 d3d_create_display_internals     [   1.23472] Format 0 succeeded.
d3d      D         d3d_disp.cpp:1769 d3d_create_display_internals     [   1.23477] Returning d3d_display: 0000000000d4b5d0
d3d      D         d3d_disp.cpp:1794 d3d_create_display_locked        [   1.23479] al_display=0000000000d4b5d0
d3d      D         d3d_disp.cpp:1795 d3d_create_display_locked        [   1.23482] al_display->vt=0000000000d4b460
system   D            wsystem.c:874  _al_win_safe_load_library        [   1.23549] PathFindOnPath found: C:\WINDOWS\system32\d3dx9_43.dll
system   D            wsystem.c:780  load_library_at_path             [   1.23553] Calling LoadLibrary C:\WINDOWS\system32\d3dx9_43.dll
system   I            wsystem.c:783  load_library_at_path             [   1.27336] Loaded C:\WINDOWS\system32\d3dx9_43.dll
d3dx9    I        d3d_d3dx9.cpp:88   _imp_load_d3dx9_module_version   [   1.27348] Module "d3dx9_43.dll" loaded.
dtor     D               dtor.c:196  _al_register_destructor          [   1.27368] added dtor for queue 00000000025dfa50, func 00007fff455bc5dc
dtor     D               dtor.c:196  _al_register_destructor          [   1.30745] added dtor for timer 00000000025dab90, func 00007fff455cfb3b
stdio    D         file_stdio.c:110  file_stdio_fopen                 [   1.30756] opening ./image/icon.jpg rb
stdio    D         file_stdio.c:110  file_stdio_fopen                 [   1.34393] opening ./image/icon.jpg rb
d3d      D         d3d_disp.cpp:1202 real_choose_bitmap_format        [   1.34424] Fake format
d3d      D         d3d_disp.cpp:1202 real_choose_bitmap_format        [   1.34426] Fake format
d3d      D         d3d_disp.cpp:1202 real_choose_bitmap_format        [   1.34428] Fake format
d3d      D         d3d_disp.cpp:1202 real_choose_bitmap_format        [   1.34430] Fake format
d3d      D         d3d_disp.cpp:1202 real_choose_bitmap_format        [   1.34431] Fake format
d3d      D         d3d_disp.cpp:1202 real_choose_bitmap_format        [   1.34433] Fake format
d3d      D         d3d_disp.cpp:1202 real_choose_bitmap_format        [   1.34434] Fake format
d3d      D         d3d_disp.cpp:1202 real_choose_bitmap_format        [   1.34436] Fake format
d3d      D         d3d_disp.cpp:1202 real_choose_bitmap_format        [   1.34437] Fake format
d3d      D         d3d_disp.cpp:1210 real_choose_bitmap_format        [   1.34439] Alpha doesn't match
d3d      D         d3d_disp.cpp:1217 real_choose_bitmap_format        [   1.34440] Adapter format is 23
d3d      D         d3d_disp.cpp:1220 real_choose_bitmap_format        [   1.34442] Found a format
d3d      I         d3d_disp.cpp:2391 d3d_create_bitmap                [   1.34444] Chose bitmap format 9
dtor     D               dtor.c:196  _al_register_destructor          [   1.34634] added dtor for bitmap 00000000025eb040, func 00007fff45591bea
d3d      D         d3d_disp.cpp:1202 real_choose_bitmap_format        [   1.35065] Fake format
d3d      D         d3d_disp.cpp:1202 real_choose_bitmap_format        [   1.35072] Fake format
d3d      D         d3d_disp.cpp:1202 real_choose_bitmap_format        [   1.35076] Fake format
d3d      D         d3d_disp.cpp:1202 real_choose_bitmap_format        [   1.35079] Fake format
d3d      D         d3d_disp.cpp:1202 real_choose_bitmap_format        [   1.35083] Fake format
d3d      D         d3d_disp.cpp:1202 real_choose_bitmap_format        [   1.35086] Fake format
d3d      D         d3d_disp.cpp:1202 real_choose_bitmap_format        [   1.35089] Fake format
d3d      D         d3d_disp.cpp:1202 real_choose_bitmap_format        [   1.35092] Fake format
d3d      D         d3d_disp.cpp:1202 real_choose_bitmap_format        [   1.35095] Fake format
d3d      D         d3d_disp.cpp:1210 real_choose_bitmap_format        [   1.35099] Alpha doesn't match
d3d      D         d3d_disp.cpp:1217 real_choose_bitmap_format        [   1.35101] Adapter format is 23
d3d      D         d3d_disp.cpp:1220 real_choose_bitmap_format        [   1.35105] Found a format
d3d      I         d3d_disp.cpp:2391 d3d_create_bitmap                [   1.35109] Chose bitmap format 9
dtor     D               dtor.c:196  _al_register_destructor          [   1.35313] added dtor for bitmap 00000000025eb1f0, func 00007fff45591bea
d3d      D          d3d_bmp.cpp:539  _al_d3d_sync_bitmap              [   1.36050] _al_d3d_sync_bitmap (system) ref count == 1
d3d      D          d3d_bmp.cpp:545  _al_d3d_sync_bitmap              [   1.36056] _al_d3d_sync_bitmap (video) ref count == 1
dtor     D               dtor.c:227  _al_unregister_destructor        [   1.36663] removed dtor for bitmap 00000000025eb1f0
d3d      D         d3d_disp.cpp:1202 real_choose_bitmap_format        [   1.37012] Fake format
d3d      D         d3d_disp.cpp:1202 real_choose_bitmap_format        [   1.37019] Fake format
d3d      D         d3d_disp.cpp:1202 real_choose_bitmap_format        [   1.37022] Fake format
d3d      D         d3d_disp.cpp:1202 real_choose_bitmap_format        [   1.37024] Fake format
d3d      D         d3d_disp.cpp:1202 real_choose_bitmap_format        [   1.37027] Fake format
d3d      D         d3d_disp.cpp:1202 real_choose_bitmap_format        [   1.37029] Fake format
d3d      D         d3d_disp.cpp:1202 real_choose_bitmap_format        [   1.37032] Fake format
d3d      D         d3d_disp.cpp:1202 real_choose_bitmap_format        [   1.37034] Fake format
d3d      D         d3d_disp.cpp:1202 real_choose_bitmap_format        [   1.37037] Fake format
d3d      D         d3d_disp.cpp:1210 real_choose_bitmap_format        [   1.37039] Alpha doesn't match
d3d      D         d3d_disp.cpp:1217 real_choose_bitmap_format        [   1.37042] Adapter format is 23
d3d      D         d3d_disp.cpp:1220 real_choose_bitmap_format        [   1.37045] Found a format
d3d      I         d3d_disp.cpp:2391 d3d_create_bitmap                [   1.37048] Chose bitmap format 9
dtor     D               dtor.c:196  _al_register_destructor          [   1.37120] added dtor for bitmap 00000000025eb1f0, func 00007fff45591bea
d3d      D          d3d_bmp.cpp:539  _al_d3d_sync_bitmap              [   1.37895] _al_d3d_sync_bitmap (system) ref count == 1
d3d      D          d3d_bmp.cpp:545  _al_d3d_sync_bitmap              [   1.37901] _al_d3d_sync_bitmap (video) ref count == 1
dtor     D               dtor.c:227  _al_unregister_destructor        [   1.38235] removed dtor for bitmap 00000000025eb1f0
stdio    D         file_stdio.c:110  file_stdio_fopen                 [   1.38411] opening ./sound/hello.wav rb
wav      E                wav.c:121  wav_open                         [   1.38433] Bad RIFF type.
dtor     D               dtor.c:196  _al_register_destructor          [   1.38448] added dtor for sample 00000000025dde90, func 00007fff456c1a1d
audio-dsound D           dsound.cpp:311  _dsound_allocate_voice           [   1.41028] Allocating voice
audio-dsound D           dsound.cpp:370  _dsound_allocate_voice           [   1.41035] Allocated voice
dtor     D               dtor.c:196  _al_register_destructor          [   1.41039] added dtor for voice 00000000025e02f0, func 00007fff456c5024
dtor     D               dtor.c:196  _al_register_destructor          [   1.41045] added dtor for mixer 00000000025eb1f0, func 00007fff456c04dc
audio-dsound D           dsound.cpp:466  _dsound_start_voice              [   1.41048] Starting voice
audio-dsound D           dsound.cpp:494  _dsound_start_voice              [   1.41052] CreateSoundBuffer
audio-dsound D           dsound.cpp:502  _dsound_start_voice              [   1.42139] CreateSoundBuffer succeeded
audio-dsound D           dsound.cpp:508  _dsound_start_voice              [   1.42146] Starting _dsound_update thread
audio-dsound I           dsound.cpp:518  _dsound_start_voice              [   1.42155] Voice started
dtor     D               dtor.c:196  _al_register_destructor          [   1.42159] added dtor for sample_instance 00000000025eb710, func 00007fff456b929b
audio    D          kcm_mixer.c:121  _al_rechannel_matrix             [   1.42164] sample matrix:
audio    D          kcm_mixer.c:127  _al_rechannel_matrix             [   1.42167] 
audio    D          kcm_mixer.c:127  _al_rechannel_matrix             [   1.42169] 
dtor     D               dtor.c:196  _al_register_destructor          [   1.42171] added dtor for sample_instance 00000000025ebc50, func 00007fff456b929b
audio    D          kcm_mixer.c:121  _al_rechannel_matrix             [   1.42173] sample matrix:
audio    D          kcm_mixer.c:127  _al_rechannel_matrix             [   1.42175] 
audio    D          kcm_mixer.c:127  _al_rechannel_matrix             [   1.42177] 
dtor     D               dtor.c:196  _al_register_destructor          [   1.42179] added dtor for sample_instance 00000000025ebd70, func 00007fff456b929b
audio    D          kcm_mixer.c:121  _al_rechannel_matrix             [   1.42196] sample matrix:
audio    D          kcm_mixer.c:127  _al_rechannel_matrix             [   1.42200] 
audio    D          kcm_mixer.c:127  _al_rechannel_matrix             [   1.42203] 
dtor     D               dtor.c:196  _al_register_destructor          [   1.42206] added dtor for sample_instance 00000000025ebe90, func 00007fff456b929b
audio    D          kcm_mixer.c:121  _al_rechannel_matrix             [   1.42209] sample matrix:
audio    D          kcm_mixer.c:127  _al_rechannel_matrix             [   1.42211] 
audio    D          kcm_mixer.c:127  _al_rechannel_matrix             [   1.42214] 
dtor     D               dtor.c:196  _al_register_destructor          [   1.42216] added dtor for sample_instance 00000000025eb430, func 00007fff456b929b
audio    D          kcm_mixer.c:121  _al_rechannel_matrix             [   1.42220] sample matrix:
audio    D          kcm_mixer.c:127  _al_rechannel_matrix             [   1.42222] 
audio    D          kcm_mixer.c:127  _al_rechannel_matrix             [   1.42224] 
dtor     D               dtor.c:196  _al_register_destructor          [   1.42227] added dtor for sample_instance 00000000025eb550, func 00007fff456b929b
audio    D          kcm_mixer.c:121  _al_rechannel_matrix             [   1.42230] sample matrix:
audio    D          kcm_mixer.c:127  _al_rechannel_matrix             [   1.42232] 
audio    D          kcm_mixer.c:127  _al_rechannel_matrix             [   1.42235] 
dtor     D               dtor.c:196  _al_register_destructor          [   1.42237] added dtor for sample_instance 00000000025e1820, func 00007fff456b929b
audio    D          kcm_mixer.c:121  _al_rechannel_matrix             [   1.42240] sample matrix:
audio    D          kcm_mixer.c:127  _al_rechannel_matrix             [   1.42243] 
audio    D          kcm_mixer.c:127  _al_rechannel_matrix             [   1.42245] 
dtor     D               dtor.c:196  _al_register_destructor          [   1.42248] added dtor for sample_instance 00000000025e1940, func 00007fff456b929b
audio    D          kcm_mixer.c:121  _al_rechannel_matrix             [   1.42251] sample matrix:
audio    D          kcm_mixer.c:127  _al_rechannel_matrix             [   1.42253] 
audio    D          kcm_mixer.c:127  _al_rechannel_matrix             [   1.42256] 
dtor     D               dtor.c:196  _al_register_destructor          [   1.42259] added dtor for sample_instance 00000000025e1b70, func 00007fff456b929b
audio    D          kcm_mixer.c:121  _al_rechannel_matrix             [   1.42262] sample matrix:
audio    D          kcm_mixer.c:127  _al_rechannel_matrix             [   1.42264] 
audio    D          kcm_mixer.c:127  _al_rechannel_matrix             [   1.42267] 
dtor     D               dtor.c:196  _al_register_destructor          [   1.42270] added dtor for sample_instance 00000000025e1c90, func 00007fff456b929b
audio    D          kcm_mixer.c:121  _al_rechannel_matrix             [   1.42273] sample matrix:
audio    D          kcm_mixer.c:127  _al_rechannel_matrix             [   1.42275] 
audio    D          kcm_mixer.c:127  _al_rechannel_matrix             [   1.42278] 
dtor     D               dtor.c:196  _al_register_destructor          [   1.42281] added dtor for sample_instance 00000000025e1db0, func 00007fff456b929b
audio    D          kcm_mixer.c:121  _al_rechannel_matrix             [   1.42285] sample matrix:
audio    D          kcm_mixer.c:127  _al_rechannel_matrix             [   1.42288] 
audio    D          kcm_mixer.c:127  _al_rechannel_matrix             [   1.42291] 
dtor     D               dtor.c:196  _al_register_destructor          [   1.42295] added dtor for sample_instance 00000000025e1ed0, func 00007fff456b929b
audio    D          kcm_mixer.c:121  _al_rechannel_matrix             [   1.42298] sample matrix:
audio    D          kcm_mixer.c:127  _al_rechannel_matrix             [   1.42301] 
audio    D          kcm_mixer.c:127  _al_rechannel_matrix             [   1.42304] 
dtor     D               dtor.c:196  _al_register_destructor          [   1.42307] added dtor for sample_instance 00000000025e6450, func 00007fff456b929b
audio    D          kcm_mixer.c:121  _al_rechannel_matrix             [   1.42311] sample matrix:
audio    D          kcm_mixer.c:127  _al_rechannel_matrix             [   1.42313] 
audio    D          kcm_mixer.c:127  _al_rechannel_matrix             [   1.42316] 
dtor     D               dtor.c:196  _al_register_destructor          [   1.42320] added dtor for sample_instance 00000000025e7100, func 00007fff456b929b
audio    D          kcm_mixer.c:121  _al_rechannel_matrix             [   1.42324] sample matrix:
audio    D          kcm_mixer.c:127  _al_rechannel_matrix             [   1.42327] 
audio    D          kcm_mixer.c:127  _al_rechannel_matrix             [   1.42330] 
dtor     D               dtor.c:196  _al_register_destructor          [   1.42333] added dtor for sample_instance 00000000025e6920, func 00007fff456b929b
audio    D          kcm_mixer.c:121  _al_rechannel_matrix             [   1.42336] sample matrix:
audio    D          kcm_mixer.c:127  _al_rechannel_matrix             [   1.42339] 
audio    D          kcm_mixer.c:127  _al_rechannel_matrix             [   1.42342] 
dtor     D               dtor.c:196  _al_register_destructor          [   1.42345] added dtor for sample_instance 00000000025e6ec0, func 00007fff456b929b
audio    D          kcm_mixer.c:121  _al_rechannel_matrix             [   1.42348] sample matrix:
audio    D          kcm_mixer.c:127  _al_rechannel_matrix             [   1.42351] 
audio    D          kcm_mixer.c:127  _al_rechannel_matrix             [   1.42354] 
dtor     D               dtor.c:196  _al_register_destructor          [   1.42357] added dtor for sample_instance 00000000025e6a40, func 00007fff456b929b
audio    D          kcm_mixer.c:121  _al_rechannel_matrix             [   1.42361] sample matrix:
audio    D          kcm_mixer.c:127  _al_rechannel_matrix             [   1.42364] 
audio    D          kcm_mixer.c:127  _al_rechannel_matrix             [   1.42367] 
dtor     D               dtor.c:196  _al_register_destructor          [   1.42370] added dtor for sample_instance 00000000025e66e0, func 00007fff456b929b
audio    D          kcm_mixer.c:121  _al_rechannel_matrix             [   1.42375] sample matrix:
audio    D          kcm_mixer.c:127  _al_rechannel_matrix             [   1.42378] 
audio    D          kcm_mixer.c:127  _al_rechannel_matrix             [   1.42380] 
dtor     D               dtor.c:196  _al_register_destructor          [   1.42384] added dtor for sample_instance 00000000025e6b60, func 00007fff456b929b
audio    D          kcm_mixer.c:121  _al_rechannel_matrix             [   1.42387] sample matrix:
audio    D          kcm_mixer.c:127  _al_rechannel_matrix             [   1.42390] 
audio    D          kcm_mixer.c:127  _al_rechannel_matrix             [   1.42394] 
dtor     D               dtor.c:196  _al_register_destructor          [   1.42397] added dtor for sample_instance 00000000025e6c80, func 00007fff456b929b
audio    D          kcm_mixer.c:121  _al_rechannel_matrix             [   1.42400] sample matrix:
audio    D          kcm_mixer.c:127  _al_rechannel_matrix             [   1.42403] 
audio    D          kcm_mixer.c:127  _al_rechannel_matrix             [   1.42406] 
dtor     D               dtor.c:196  _al_register_destructor          [   1.42409] added dtor for sample_instance 00000000025e6da0, func 00007fff456b929b
audio    D          kcm_mixer.c:121  _al_rechannel_matrix             [   1.42412] sample matrix:
audio    D          kcm_mixer.c:127  _al_rechannel_matrix             [   1.42416]  0.707107 0.000000
audio    D          kcm_mixer.c:127  _al_rechannel_matrix             [   1.42419]  0.000000 0.707107
stdio    D         file_stdio.c:110  file_stdio_fopen                 [   1.42433] opening ./font/pirulen.ttf rb
font     D                ttf.c:943  al_load_ttf_font_stretch_f       [   1.46229] Font ./font/pirulen.ttf loaded with pixel size 0 x 12.
font     D                ttf.c:945  al_load_ttf_font_stretch_f       [   1.46234]     ascent=12.0, descent=-3.0, height=14.0
dtor     D               dtor.c:196  _al_register_destructor          [   1.46237] added dtor for ttf_font 00000000025e7c30, func 00007fff456b4c05
d3d      D         d3d_disp.cpp:1202 real_choose_bitmap_format        [   1.46267] Fake format
d3d      D         d3d_disp.cpp:1202 real_choose_bitmap_format        [   1.46270] Fake format
d3d      D         d3d_disp.cpp:1202 real_choose_bitmap_format        [   1.46271] Fake format
d3d      D         d3d_disp.cpp:1202 real_choose_bitmap_format        [   1.46273] Fake format
d3d      D         d3d_disp.cpp:1202 real_choose_bitmap_format        [   1.46275] Fake format
d3d      D         d3d_disp.cpp:1202 real_choose_bitmap_format        [   1.46276] Fake format
d3d      D         d3d_disp.cpp:1202 real_choose_bitmap_format        [   1.46278] Fake format
d3d      D         d3d_disp.cpp:1202 real_choose_bitmap_format        [   1.46279] Fake format
d3d      D         d3d_disp.cpp:1202 real_choose_bitmap_format        [   1.46281] Fake format
d3d      D         d3d_disp.cpp:1210 real_choose_bitmap_format        [   1.46282] Alpha doesn't match
d3d      D         d3d_disp.cpp:1217 real_choose_bitmap_format        [   1.46284] Adapter format is 23
d3d      D         d3d_disp.cpp:1220 real_choose_bitmap_format        [   1.46287] Found a format
d3d      I         d3d_disp.cpp:2391 d3d_create_bitmap                [   1.46289] Chose bitmap format 9
font     D                ttf.c:243  alloc_glyph_region               [   1.46371] Glyph 50: 13x11 (16x12)
font     D                ttf.c:287  alloc_glyph_region               [   1.46377] Locking glyph region: 000000000ab7d8a0 0 0 16 12
font     D                ttf.c:167  unlock_current_page              [   1.46396] Unlocking page: 000000000ab7d8a0
font     D                ttf.c:243  alloc_glyph_region               [   1.46420] Glyph 84: 13x11 (16x12)
font     D                ttf.c:287  alloc_glyph_region               [   1.46424] Locking glyph region: 000000000ab7d8a0 16 0 16 12
font     D                ttf.c:167  unlock_current_page              [   1.46433] Unlocking page: 000000000ab7d8a0
font     D                ttf.c:243  alloc_glyph_region               [   1.46451] Glyph 71: 12x11 (12x12)
font     D                ttf.c:287  alloc_glyph_region               [   1.46455] Locking glyph region: 000000000ab7d8a0 32 0 12 12
font     D                ttf.c:167  unlock_current_page              [   1.46464] Unlocking page: 000000000ab7d8a0
font     D                ttf.c:243  alloc_glyph_region               [   1.46485] Glyph 85: 13x11 (16x12)
font     D                ttf.c:287  alloc_glyph_region               [   1.46488] Locking glyph region: 000000000ab7d8a0 44 0 16 12
font     D                ttf.c:167  unlock_current_page              [   1.46495] Unlocking page: 000000000ab7d8a0
font     D                ttf.c:446  cache_glyph                      [   1.46499] Glyph 2 has zero size.
font     D                ttf.c:243  alloc_glyph_region               [   1.46504] Glyph 9: 5x5 (8x8)
font     D                ttf.c:287  alloc_glyph_region               [   1.46506] Locking glyph region: 000000000ab7d8a0 60 0 8 8
font     D                ttf.c:167  unlock_current_page              [   1.46511] Unlocking page: 000000000ab7d8a0
font     D                ttf.c:243  alloc_glyph_region               [   1.46521] Glyph 39: 12x11 (12x12)
font     D                ttf.c:287  alloc_glyph_region               [   1.46531] Locking glyph region: 000000000ab7d8a0 68 0 12 12
font     D                ttf.c:167  unlock_current_page              [   1.46541] Unlocking page: 000000000ab7d8a0
font     D                ttf.c:243  alloc_glyph_region               [   1.46553] Glyph 80: 14x11 (16x12)
font     D                ttf.c:287  alloc_glyph_region               [   1.46555] Locking glyph region: 000000000ab7d8a0 80 0 16 12
font     D                ttf.c:167  unlock_current_page              [   1.46562] Unlocking page: 000000000ab7d8a0
font     D                ttf.c:243  alloc_glyph_region               [   1.46572] Glyph 86: 13x11 (16x12)
font     D                ttf.c:287  alloc_glyph_region               [   1.46574] Locking glyph region: 000000000ab7d8a0 96 0 16 12
font     D                ttf.c:167  unlock_current_page              [   1.46580] Unlocking page: 000000000ab7d8a0
font     D                ttf.c:243  alloc_glyph_region               [   1.46595] Glyph 81: 14x11 (16x12)
font     D                ttf.c:287  alloc_glyph_region               [   1.46598] Locking glyph region: 000000000ab7d8a0 112 0 16 12
font     D                ttf.c:167  unlock_current_page              [   1.46604] Unlocking page: 000000000ab7d8a0
font     D                ttf.c:243  alloc_glyph_region               [   1.46614] Glyph 67: 15x11 (16x12)
font     D                ttf.c:287  alloc_glyph_region               [   1.46616] Locking glyph region: 000000000ab7d8a0 128 0 16 12
font     D                ttf.c:167  unlock_current_page              [   1.46622] Unlocking page: 000000000ab7d8a0
d3d      D          d3d_bmp.cpp:539  _al_d3d_sync_bitmap              [   1.47847] _al_d3d_sync_bitmap (system) ref count == 1
d3d      D          d3d_bmp.cpp:545  _al_d3d_sync_bitmap              [   1.47853] _al_d3d_sync_bitmap (video) ref count == 1
d3d      D          d3d_bmp.cpp:539  _al_d3d_sync_bitmap              [   1.47963] _al_d3d_sync_bitmap (system) ref count == 1
d3d      D          d3d_bmp.cpp:545  _al_d3d_sync_bitmap              [   1.47967] _al_d3d_sync_bitmap (video) ref count == 1
dtor     D               dtor.c:227  _al_unregister_destructor        [   3.34144] removed dtor for ttf_font 00000000025e7c30
stdio    D         file_stdio.c:110  file_stdio_fopen                 [   3.34209] opening ./image/char_move1.png rb
stdio    D         file_stdio.c:110  file_stdio_fopen                 [   3.38536] opening ./image/char_move1.png rb
d3d      D         d3d_disp.cpp:1202 real_choose_bitmap_format        [   3.38563] Fake format
d3d      D         d3d_disp.cpp:1202 real_choose_bitmap_format        [   3.38566] Fake format
d3d      D         d3d_disp.cpp:1202 real_choose_bitmap_format        [   3.38568] Fake format
d3d      D         d3d_disp.cpp:1202 real_choose_bitmap_format        [   3.38569] Fake format
d3d      D         d3d_disp.cpp:1202 real_choose_bitmap_format        [   3.38571] Fake format
d3d      D         d3d_disp.cpp:1202 real_choose_bitmap_format        [   3.38572] Fake format
d3d      D         d3d_disp.cpp:1202 real_choose_bitmap_format        [   3.38574] Fake format
d3d      D         d3d_disp.cpp:1202 real_choose_bitmap_format        [   3.38575] Fake format
d3d      D         d3d_disp.cpp:1202 real_choose_bitmap_format        [   3.38577] Fake format
d3d      D         d3d_disp.cpp:1210 real_choose_bitmap_format        [   3.38578] Alpha doesn't match
d3d      D         d3d_disp.cpp:1217 real_choose_bitmap_format        [   3.38580] Adapter format is 23
d3d      D         d3d_disp.cpp:1220 real_choose_bitmap_format        [   3.38582] Found a format
d3d      I         d3d_disp.cpp:2391 d3d_create_bitmap                [   3.38584] Chose bitmap format 9
dtor     D               dtor.c:196  _al_register_destructor          [   3.38641] added dtor for bitmap 000000000abbe4e0, func 00007fff45591bea
stdio    D         file_stdio.c:110  file_stdio_fopen                 [   3.38884] opening ./image/char_move2.png rb
stdio    D         file_stdio.c:110  file_stdio_fopen                 [   3.42406] opening ./image/char_move2.png rb
d3d      D         d3d_disp.cpp:1202 real_choose_bitmap_format        [   3.42424] Fake format
d3d      D         d3d_disp.cpp:1202 real_choose_bitmap_format        [   3.42426] Fake format
d3d      D         d3d_disp.cpp:1202 real_choose_bitmap_format        [   3.42428] Fake format
d3d      D         d3d_disp.cpp:1202 real_choose_bitmap_format        [   3.42430] Fake format
d3d      D         d3d_disp.cpp:1202 real_choose_bitmap_format        [   3.42431] Fake format
d3d      D         d3d_disp.cpp:1202 real_choose_bitmap_format        [   3.42433] Fake format
d3d      D         d3d_disp.cpp:1202 real_choose_bitmap_format        [   3.42435] Fake format
d3d      D         d3d_disp.cpp:1202 real_choose_bitmap_format        [   3.42436] Fake format
d3d      D         d3d_disp.cpp:1202 real_choose_bitmap_format        [   3.42438] Fake format
d3d      D         d3d_disp.cpp:1210 real_choose_bitmap_format        [   3.42439] Alpha doesn't match
d3d      D         d3d_disp.cpp:1217 real_choose_bitmap_format        [   3.42441] Adapter format is 23
d3d      D         d3d_disp.cpp:1220 real_choose_bitmap_format        [   3.42443] Found a format
d3d      I         d3d_disp.cpp:2391 d3d_create_bitmap                [   3.42444] Chose bitmap format 9
dtor     D               dtor.c:196  _al_register_destructor          [   3.42498] added dtor for bitmap 00000000025e87a0, func 00007fff45591bea
stdio    D         file_stdio.c:110  file_stdio_fopen                 [   3.42692] opening ./image/char_atk1.png rb
stdio    D         file_stdio.c:110  file_stdio_fopen                 [   3.44780] opening ./image/char_atk1.png rb
d3d      D         d3d_disp.cpp:1202 real_choose_bitmap_format        [   3.44797] Fake format
d3d      D         d3d_disp.cpp:1202 real_choose_bitmap_format        [   3.44800] Fake format
d3d      D         d3d_disp.cpp:1202 real_choose_bitmap_format        [   3.44801] Fake format
d3d      D         d3d_disp.cpp:1202 real_choose_bitmap_format        [   3.44803] Fake format
d3d      D         d3d_disp.cpp:1202 real_choose_bitmap_format        [   3.44805] Fake format
d3d      D         d3d_disp.cpp:1202 real_choose_bitmap_format        [   3.44807] Fake format
d3d      D         d3d_disp.cpp:1202 real_choose_bitmap_format        [   3.44808] Fake format
d3d      D         d3d_disp.cpp:1202 real_choose_bitmap_format        [   3.44810] Fake format
d3d      D         d3d_disp.cpp:1202 real_choose_bitmap_format        [   3.44812] Fake format
d3d      D         d3d_disp.cpp:1210 real_choose_bitmap_format        [   3.44813] Alpha doesn't match
d3d      D         d3d_disp.cpp:1217 real_choose_bitmap_format        [   3.44815] Adapter format is 23
d3d      D         d3d_disp.cpp:1220 real_choose_bitmap_format        [   3.44817] Found a format
d3d      I         d3d_disp.cpp:2391 d3d_create_bitmap                [   3.44818] Chose bitmap format 9
dtor     D               dtor.c:196  _al_register_destructor          [   3.44867] added dtor for bitmap 000000000ab7a270, func 00007fff45591bea
stdio    D         file_stdio.c:110  file_stdio_fopen                 [   3.45045] opening ./image/char_atk2.png rb
stdio    D         file_stdio.c:110  file_stdio_fopen                 [   3.46524] opening ./image/char_atk2.png rb
d3d      D         d3d_disp.cpp:1202 real_choose_bitmap_format        [   3.46538] Fake format
d3d      D         d3d_disp.cpp:1202 real_choose_bitmap_format        [   3.46541] Fake format
d3d      D         d3d_disp.cpp:1202 real_choose_bitmap_format        [   3.46543] Fake format
d3d      D         d3d_disp.cpp:1202 real_choose_bitmap_format        [   3.46545] Fake format
d3d      D         d3d_disp.cpp:1202 real_choose_bitmap_format        [   3.46546] Fake format
d3d      D         d3d_disp.cpp:1202 real_choose_bitmap_format        [   3.46548] Fake format
d3d      D         d3d_disp.cpp:1202 real_choose_bitmap_format        [   3.46549] Fake format
d3d      D         d3d_disp.cpp:1202 real_choose_bitmap_format        [   3.46551] Fake format
d3d      D         d3d_disp.cpp:1202 real_choose_bitmap_format        [   3.46553] Fake format
d3d      D         d3d_disp.cpp:1210 real_choose_bitmap_format        [   3.46554] Alpha doesn't match
d3d      D         d3d_disp.cpp:1217 real_choose_bitmap_format        [   3.46556] Adapter format is 23
d3d      D         d3d_disp.cpp:1220 real_choose_bitmap_format        [   3.46558] Found a format
d3d      I         d3d_disp.cpp:2391 d3d_create_bitmap                [   3.46559] Chose bitmap format 9
dtor     D               dtor.c:196  _al_register_destructor          [   3.46613] added dtor for bitmap 000000000ab79430, func 00007fff45591bea
stdio    D         file_stdio.c:110  file_stdio_fopen                 [   3.46833] opening ./sound/atk_sound.wav rb
wav      E                wav.c:121  wav_open                         [   3.48143] Bad RIFF type.
dtor     D               dtor.c:196  _al_register_destructor          [   3.48151] added dtor for sample 00000000025e8230, func 00007fff456c1a1d
dtor     D               dtor.c:196  _al_register_destructor          [   3.48173] added dtor for sample_instance 00000000025e6fe0, func 00007fff456b929b
audio    D          kcm_mixer.c:121  _al_rechannel_matrix             [   3.48178] sample matrix:
audio    D          kcm_mixer.c:127  _al_rechannel_matrix             [   3.48180]  0.500000
audio    D          kcm_mixer.c:127  _al_rechannel_matrix             [   3.48182]  0.500000
stdio    D         file_stdio.c:110  file_stdio_fopen                 [   3.48184] opening ./image/stage.jpg rb
stdio    D         file_stdio.c:110  file_stdio_fopen                 [   3.51558] opening ./image/stage.jpg rb
d3d      D         d3d_disp.cpp:1202 real_choose_bitmap_format        [   3.51576] Fake format
d3d      D         d3d_disp.cpp:1202 real_choose_bitmap_format        [   3.51579] Fake format
d3d      D         d3d_disp.cpp:1202 real_choose_bitmap_format        [   3.51581] Fake format
d3d      D         d3d_disp.cpp:1202 real_choose_bitmap_format        [   3.51583] Fake format
d3d      D         d3d_disp.cpp:1202 real_choose_bitmap_format        [   3.51585] Fake format
d3d      D         d3d_disp.cpp:1202 real_choose_bitmap_format        [   3.51586] Fake format
d3d      D         d3d_disp.cpp:1202 real_choose_bitmap_format        [   3.51588] Fake format
d3d      D         d3d_disp.cpp:1202 real_choose_bitmap_format        [   3.51589] Fake format
d3d      D         d3d_disp.cpp:1202 real_choose_bitmap_format        [   3.51591] Fake format
d3d      D         d3d_disp.cpp:1210 real_choose_bitmap_format        [   3.51593] Alpha doesn't match
d3d      D         d3d_disp.cpp:1217 real_choose_bitmap_format        [   3.51594] Adapter format is 23
d3d      D         d3d_disp.cpp:1220 real_choose_bitmap_format        [   3.51596] Found a format
d3d      I         d3d_disp.cpp:2391 d3d_create_bitmap                [   3.51598] Chose bitmap format 9
dtor     D               dtor.c:196  _al_register_destructor          [   3.51692] added dtor for bitmap 000000000ab7d1a0, func 00007fff45591bea
d3d      D          d3d_bmp.cpp:539  _al_d3d_sync_bitmap              [   3.52342] _al_d3d_sync_bitmap (system) ref count == 1
d3d      D          d3d_bmp.cpp:545  _al_d3d_sync_bitmap              [   3.52350] _al_d3d_sync_bitmap (video) ref count == 1
d3d      D          d3d_bmp.cpp:539  _al_d3d_sync_bitmap              [   3.52365] _al_d3d_sync_bitmap (system) ref count == 1
d3d      D          d3d_bmp.cpp:545  _al_d3d_sync_bitmap              [   3.52368] _al_d3d_sync_bitmap (video) ref count == 1
d3d      D          d3d_bmp.cpp:539  _al_d3d_sync_bitmap              [   3.52393] _al_d3d_sync_bitmap (system) ref count == 1
d3d      D          d3d_bmp.cpp:545  _al_d3d_sync_bitmap              [   3.52397] _al_d3d_sync_bitmap (video) ref count == 1
d3d      D          d3d_bmp.cpp:539  _al_d3d_sync_bitmap              [   3.52422] _al_d3d_sync_bitmap (system) ref count == 1
d3d      D          d3d_bmp.cpp:545  _al_d3d_sync_bitmap              [   3.52426] _al_d3d_sync_bitmap (video) ref count == 1
d3d      D          d3d_bmp.cpp:539  _al_d3d_sync_bitmap              [   3.52447] _al_d3d_sync_bitmap (system) ref count == 1
d3d      D          d3d_bmp.cpp:545  _al_d3d_sync_bitmap              [   3.52451] _al_d3d_sync_bitmap (video) ref count == 1
dtor     D               dtor.c:227  _al_unregister_destructor        [   4.65219] removed dtor for queue 00000000025dfa50
d3d      I         d3d_disp.cpp:915  d3d_destroy_display              [   4.65228] destroying display 0000000000d4b5d0 (current 0000000000000000)
bitmap   D        bitmap_type.c:308  _al_convert_to_memory_bitmap     [   4.65498] converting display bitmap 000000000ab7d1a0 to memory bitmap
dtor     D               dtor.c:196  _al_register_destructor          [   4.65505] added dtor for bitmap 000000000ab7d350, func 00007fff45591bea
d3d      D          d3d_bmp.cpp:539  _al_d3d_sync_bitmap              [   4.65510] _al_d3d_sync_bitmap (system) ref count == 1
d3d      D          d3d_bmp.cpp:545  _al_d3d_sync_bitmap              [   4.65513] _al_d3d_sync_bitmap (video) ref count == 1
dtor     D               dtor.c:227  _al_unregister_destructor        [   4.65641] removed dtor for bitmap 000000000ab7d350
bitmap   D        bitmap_type.c:308  _al_convert_to_memory_bitmap     [   4.65675] converting display bitmap 000000000ab79430 to memory bitmap
dtor     D               dtor.c:196  _al_register_destructor          [   4.65679] added dtor for bitmap 000000000ab7d350, func 00007fff45591bea
d3d      D          d3d_bmp.cpp:539  _al_d3d_sync_bitmap              [   4.65681] _al_d3d_sync_bitmap (system) ref count == 1
d3d      D          d3d_bmp.cpp:545  _al_d3d_sync_bitmap              [   4.65683] _al_d3d_sync_bitmap (video) ref count == 1
dtor     D               dtor.c:227  _al_unregister_destructor        [   4.65710] removed dtor for bitmap 000000000ab7d350
bitmap   D        bitmap_type.c:308  _al_convert_to_memory_bitmap     [   4.65714] converting display bitmap 000000000ab7a270 to memory bitmap
dtor     D               dtor.c:196  _al_register_destructor          [   4.65716] added dtor for bitmap 000000000ab7d350, func 00007fff45591bea
d3d      D          d3d_bmp.cpp:539  _al_d3d_sync_bitmap              [   4.65718] _al_d3d_sync_bitmap (system) ref count == 1
d3d      D          d3d_bmp.cpp:545  _al_d3d_sync_bitmap              [   4.65720] _al_d3d_sync_bitmap (video) ref count == 1
dtor     D               dtor.c:227  _al_unregister_destructor        [   4.65738] removed dtor for bitmap 000000000ab7d350
bitmap   D        bitmap_type.c:308  _al_convert_to_memory_bitmap     [   4.65742] converting display bitmap 00000000025e87a0 to memory bitmap
dtor     D               dtor.c:196  _al_register_destructor          [   4.65745] added dtor for bitmap 000000000ab7d350, func 00007fff45591bea
d3d      D          d3d_bmp.cpp:539  _al_d3d_sync_bitmap              [   4.65748] _al_d3d_sync_bitmap (system) ref count == 1
d3d      D          d3d_bmp.cpp:545  _al_d3d_sync_bitmap              [   4.65750] _al_d3d_sync_bitmap (video) ref count == 1
dtor     D               dtor.c:227  _al_unregister_destructor        [   4.65776] removed dtor for bitmap 000000000ab7d350
bitmap   D        bitmap_type.c:308  _al_convert_to_memory_bitmap     [   4.65780] converting display bitmap 000000000abbe4e0 to memory bitmap
dtor     D               dtor.c:196  _al_register_destructor          [   4.65782] added dtor for bitmap 000000000ab7d350, func 00007fff45591bea
d3d      D          d3d_bmp.cpp:539  _al_d3d_sync_bitmap              [   4.65784] _al_d3d_sync_bitmap (system) ref count == 1
d3d      D          d3d_bmp.cpp:545  _al_d3d_sync_bitmap              [   4.65786] _al_d3d_sync_bitmap (video) ref count == 1
dtor     D               dtor.c:227  _al_unregister_destructor        [   4.65805] removed dtor for bitmap 000000000ab7d350
bitmap   D        bitmap_type.c:308  _al_convert_to_memory_bitmap     [   4.65816] converting display bitmap 00000000025eb040 to memory bitmap
dtor     D               dtor.c:196  _al_register_destructor          [   4.65820] added dtor for bitmap 000000000ab7d350, func 00007fff45591bea
d3d      D          d3d_bmp.cpp:539  _al_d3d_sync_bitmap              [   4.65823] _al_d3d_sync_bitmap (system) ref count == 1
d3d      D          d3d_bmp.cpp:545  _al_d3d_sync_bitmap              [   4.65825] _al_d3d_sync_bitmap (video) ref count == 1
dtor     D               dtor.c:227  _al_unregister_destructor        [   4.65893] removed dtor for bitmap 000000000ab7d350
d3d      D         d3d_disp.cpp:899  d3d_destroy_display_internals    [   4.65917] waiting for display 0000000000d4b5d0's thread to end
d3d      W         d3d_disp.cpp:608  d3d_destroy_device               [   4.69818] d3d_destroy_device: ref count not 0
d3d      W         d3d_disp.cpp:608  d3d_destroy_device               [   4.69824] d3d_destroy_device: ref count not 0
d3d      I         d3d_disp.cpp:1562 d3d_display_thread_proc          [   4.71739] d3d display thread exits
dtor     D               dtor.c:227  _al_unregister_destructor        [   4.71910] removed dtor for bitmap 000000000ab7d1a0
dtor     D               dtor.c:227  _al_unregister_destructor        [   4.71933] removed dtor for bitmap 000000000ab7a270
dtor     D               dtor.c:227  _al_unregister_destructor        [   4.71944] removed dtor for bitmap 000000000ab79430
dtor     D               dtor.c:227  _al_unregister_destructor        [   4.71951] removed dtor for bitmap 000000000abbe4e0
dtor     D               dtor.c:227  _al_unregister_destructor        [   4.71960] removed dtor for bitmap 00000000025e87a0
dtor     D               dtor.c:227  _al_unregister_destructor        [   4.71965] removed dtor for sample_instance 00000000025e6fe0
dtor     D               dtor.c:116  _al_run_destructors              [   4.71968] calling dtor for bitmap 00000000025eb040, func 00007fff45591bea
dtor     D               dtor.c:227  _al_unregister_destructor        [   4.71971] removed dtor for bitmap 00000000025eb040
dtor     D               dtor.c:116  _al_run_destructors              [   4.71974] calling dtor for timer 00000000025dab90, func 00007fff455cfb3b
dtor     D               dtor.c:227  _al_unregister_destructor        [   4.71977] removed dtor for timer 00000000025dab90
dtor     D               dtor.c:227  _al_unregister_destructor        [   4.71984] removed dtor for sample_instance 00000000025eb710
dtor     D               dtor.c:227  _al_unregister_destructor        [   4.71989] removed dtor for sample_instance 00000000025ebc50
dtor     D               dtor.c:227  _al_unregister_destructor        [   4.71992] removed dtor for sample_instance 00000000025ebd70
dtor     D               dtor.c:227  _al_unregister_destructor        [   4.71996] removed dtor for sample_instance 00000000025ebe90
dtor     D               dtor.c:227  _al_unregister_destructor        [   4.71999] removed dtor for sample_instance 00000000025eb430
dtor     D               dtor.c:227  _al_unregister_destructor        [   4.72002] removed dtor for sample_instance 00000000025eb550
dtor     D               dtor.c:227  _al_unregister_destructor        [   4.72008] removed dtor for sample_instance 00000000025e1820
dtor     D               dtor.c:227  _al_unregister_destructor        [   4.72014] removed dtor for sample_instance 00000000025e1940
dtor     D               dtor.c:227  _al_unregister_destructor        [   4.72021] removed dtor for sample_instance 00000000025e1b70
dtor     D               dtor.c:227  _al_unregister_destructor        [   4.72027] removed dtor for sample_instance 00000000025e1c90
dtor     D               dtor.c:227  _al_unregister_destructor        [   4.72030] removed dtor for sample_instance 00000000025e1db0
dtor     D               dtor.c:227  _al_unregister_destructor        [   4.72033] removed dtor for sample_instance 00000000025e1ed0
dtor     D               dtor.c:227  _al_unregister_destructor        [   4.72039] removed dtor for sample_instance 00000000025e6450
dtor     D               dtor.c:227  _al_unregister_destructor        [   4.72050] removed dtor for sample_instance 00000000025e7100
dtor     D               dtor.c:227  _al_unregister_destructor        [   4.72054] removed dtor for sample_instance 00000000025e6920
dtor     D               dtor.c:227  _al_unregister_destructor        [   4.72058] removed dtor for sample_instance 00000000025e6ec0
dtor     D               dtor.c:227  _al_unregister_destructor        [   4.72061] removed dtor for sample_instance 00000000025e6a40
dtor     D               dtor.c:227  _al_unregister_destructor        [   4.72064] removed dtor for sample_instance 00000000025e66e0
dtor     D               dtor.c:227  _al_unregister_destructor        [   4.72068] removed dtor for sample_instance 00000000025e6b60
dtor     D               dtor.c:227  _al_unregister_destructor        [   4.72071] removed dtor for sample_instance 00000000025e6c80
dtor     D               dtor.c:227  _al_unregister_destructor        [   4.72074] removed dtor for mixer 00000000025eb1f0
audio-dsound D           dsound.cpp:528  _dsound_stop_voice               [   4.72077] Stopping voice
audio-dsound D           dsound.cpp:545  _dsound_stop_voice               [   4.72081] Joining thread
audio-dsound D           dsound.cpp:551  _dsound_stop_voice               [   4.72198] Joined thread
audio-dsound D           dsound.cpp:553  _dsound_stop_voice               [   4.72203] Destroying thread
audio-dsound D           dsound.cpp:555  _dsound_stop_voice               [   4.72207] Thread destroyed
audio-dsound D           dsound.cpp:562  _dsound_stop_voice               [   4.72210] Releasing buffer
audio-dsound I           dsound.cpp:566  _dsound_stop_voice               [   4.72214] Voice stopped
dtor     D               dtor.c:227  _al_unregister_destructor        [   4.72219] removed dtor for voice 00000000025e02f0
audio-dsound D           dsound.cpp:380  _dsound_deallocate_voice         [   4.72222] Deallocating voice
audio-dsound D           dsound.cpp:385  _dsound_deallocate_voice         [   4.72226] Deallocated voice
dtor     D               dtor.c:116  _al_run_destructors              [   4.72230] calling dtor for sample 00000000025e8230, func 00007fff456c1a1d
dtor     D               dtor.c:227  _al_unregister_destructor        [   4.72233] removed dtor for sample 00000000025e8230
dtor     D               dtor.c:116  _al_run_destructors              [   4.72237] calling dtor for sample_instance 00000000025e6da0, func 00007fff456b929b
dtor     D               dtor.c:227  _al_unregister_destructor        [   4.72241] removed dtor for sample_instance 00000000025e6da0
dtor     D               dtor.c:116  _al_run_destructors              [   4.72243] calling dtor for sample 00000000025dde90, func 00007fff456c1a1d
dtor     D               dtor.c:227  _al_unregister_destructor        [   4.72248] removed dtor for sample 00000000025dde90
audio-dsound D           dsound.cpp:296  _dsound_close                    [   4.72578] Releasing device
audio-dsound D           dsound.cpp:298  _dsound_close                    [   4.76090] Released device
audio-dsound I           dsound.cpp:299  _dsound_close                    [   4.76095] DirectSound closed
